c:\users\lee\desktop\lee_chung_keun\chip_자료\sequence_extraction_tool\project1\debug\vc120.pdb
c:\users\lee\desktop\lee_chung_keun\chip_자료\sequence_extraction_tool\project1\debug\tinyxml2.obj
c:\users\lee\desktop\lee_chung_keun\chip_자료\sequence_extraction_tool\project1\debug\myform.obj
c:\users\lee\desktop\lee_chung_keun\chip_자료\sequence_extraction_tool\project1\debug\.netframework,version=v4.5.assemblyattributes.obj
c:\users\lee\desktop\lee_chung_keun\chip_자료\sequence_extraction_tool\project1\debug\project1.exe
c:\users\lee\desktop\lee_chung_keun\chip_자료\sequence_extraction_tool\project1\debug\project1.pdb
c:\users\lee\desktop\lee_chung_keun\chip_자료\sequence_extraction_tool\project1\debug\project1.myform.resources
c:\users\lee\desktop\lee_chung_keun\chip_자료\sequence_extraction_tool\project1\debug\project1.vcxproj.generateresource.cache
c:\users\lee\desktop\lee_chung_keun\chip_자료\sequence_extraction_tool\project1\debug\project1.vcxprojresolveassemblyreference.cache
c:\users\lee\desktop\lee_chung_keun\chip_자료\sequence_extraction_tool\project1\debug\project1.exe.metagen
c:\users\lee\desktop\lee_chung_keun\chip_자료\sequence_extraction_tool\project1\debug\project1.tlog\cl.command.1.tlog
c:\users\lee\desktop\lee_chung_keun\chip_자료\sequence_extraction_tool\project1\debug\project1.tlog\cl.read.1.tlog
c:\users\lee\desktop\lee_chung_keun\chip_자료\sequence_extraction_tool\project1\debug\project1.tlog\cl.write.1.tlog
c:\users\lee\desktop\lee_chung_keun\chip_자료\sequence_extraction_tool\project1\debug\project1.tlog\link.command.1.tlog
c:\users\lee\desktop\lee_chung_keun\chip_자료\sequence_extraction_tool\project1\debug\project1.tlog\link.read.1.tlog
c:\users\lee\desktop\lee_chung_keun\chip_자료\sequence_extraction_tool\project1\debug\project1.tlog\link.write.1.tlog
c:\users\lee\desktop\lee_chung_keun\chip_자료\sequence_extraction_tool\project1\debug\project1.tlog\metagen.read.1.tlog
c:\users\lee\desktop\lee_chung_keun\chip_자료\sequence_extraction_tool\project1\debug\project1.tlog\metagen.write.1.tlog
c:\users\lee\desktop\lee_chung_keun\chip_자료\sequence_extraction_tool\project1\debug\project1.tlog\project1.write.1u.tlog
c:\users\lee\desktop\lee_chung_keun\chip_자료\sequence_extraction_tool\project1\debug\project1.tlog\tzres.dll.bi
